{"C:\\Users\\susan\\OneDrive\\Desktop\\rs-react-app\\src\\App.tsx": {"path":"C:\\Users\\susan\\OneDrive\\Desktop\\rs-react-app\\src\\App.tsx","all":true,"statementMap":{"0":{"start":{"line":1,"column":0},"end":{"line":1,"column":18}},"2":{"start":{"line":3,"column":0},"end":{"line":3,"column":51}},"3":{"start":{"line":4,"column":0},"end":{"line":4,"column":57}},"4":{"start":{"line":5,"column":0},"end":{"line":5,"column":46}},"5":{"start":{"line":6,"column":0},"end":{"line":6,"column":32}},"6":{"start":{"line":7,"column":0},"end":{"line":7,"column":58}},"7":{"start":{"line":8,"column":0},"end":{"line":8,"column":63}},"8":{"start":{"line":9,"column":0},"end":{"line":9,"column":48}},"9":{"start":{"line":10,"column":0},"end":{"line":10,"column":74}},"10":{"start":{"line":11,"column":0},"end":{"line":11,"column":38}},"11":{"start":{"line":12,"column":0},"end":{"line":12,"column":40}},"13":{"start":{"line":14,"column":0},"end":{"line":14,"column":19}},"15":{"start":{"line":16,"column":0},"end":{"line":16,"column":96}},"16":{"start":{"line":17,"column":0},"end":{"line":17,"column":54}},"18":{"start":{"line":19,"column":0},"end":{"line":19,"column":40}},"19":{"start":{"line":20,"column":0},"end":{"line":20,"column":25}},"20":{"start":{"line":21,"column":0},"end":{"line":21,"column":46}},"21":{"start":{"line":22,"column":0},"end":{"line":22,"column":3}},"24":{"start":{"line":25,"column":0},"end":{"line":25,"column":10}},"25":{"start":{"line":26,"column":0},"end":{"line":26,"column":12}},"26":{"start":{"line":27,"column":0},"end":{"line":27,"column":14}},"27":{"start":{"line":28,"column":0},"end":{"line":28,"column":14}},"28":{"start":{"line":29,"column":0},"end":{"line":29,"column":18}},"29":{"start":{"line":30,"column":0},"end":{"line":30,"column":19}},"30":{"start":{"line":31,"column":0},"end":{"line":31,"column":14}},"31":{"start":{"line":32,"column":0},"end":{"line":32,"column":48}},"32":{"start":{"line":33,"column":0},"end":{"line":33,"column":29}},"33":{"start":{"line":34,"column":0},"end":{"line":34,"column":86}},"34":{"start":{"line":35,"column":0},"end":{"line":35,"column":30}},"35":{"start":{"line":36,"column":0},"end":{"line":36,"column":30}},"36":{"start":{"line":37,"column":0},"end":{"line":37,"column":40}},"37":{"start":{"line":38,"column":0},"end":{"line":38,"column":32}},"38":{"start":{"line":39,"column":0},"end":{"line":39,"column":27}},"40":{"start":{"line":41,"column":0},"end":{"line":41,"column":15}},"42":{"start":{"line":43,"column":0},"end":{"line":43,"column":61}},"43":{"start":{"line":44,"column":0},"end":{"line":44,"column":16}},"44":{"start":{"line":45,"column":0},"end":{"line":45,"column":49}},"45":{"start":{"line":46,"column":0},"end":{"line":46,"column":15}},"46":{"start":{"line":47,"column":0},"end":{"line":47,"column":13}},"49":{"start":{"line":50,"column":0},"end":{"line":50,"column":1}},"51":{"start":{"line":52,"column":0},"end":{"line":52,"column":18}}},"s":{"0":0,"2":0,"3":0,"4":0,"5":0,"6":0,"7":0,"8":0,"9":0,"10":0,"11":0,"13":0,"15":0,"16":0,"18":0,"19":0,"20":0,"21":0,"24":0,"25":0,"26":0,"27":0,"28":0,"29":0,"30":0,"31":0,"32":0,"33":0,"34":0,"35":0,"36":0,"37":0,"38":0,"40":0,"42":0,"43":0,"44":0,"45":0,"46":0,"49":0,"51":0},"branchMap":{"0":{"type":"branch","line":1,"loc":{"start":{"line":1,"column":937},"end":{"line":52,"column":-849}},"locations":[{"start":{"line":1,"column":937},"end":{"line":52,"column":-849}}]}},"b":{"0":[0]},"fnMap":{"0":{"name":"(empty-report)","decl":{"start":{"line":1,"column":937},"end":{"line":52,"column":-849}},"loc":{"start":{"line":1,"column":937},"end":{"line":52,"column":-849}},"line":1}},"f":{"0":0}}
,"C:\\Users\\susan\\OneDrive\\Desktop\\rs-react-app\\src\\main.tsx": {"path":"C:\\Users\\susan\\OneDrive\\Desktop\\rs-react-app\\src\\main.tsx","all":true,"statementMap":{"0":{"start":{"line":1,"column":0},"end":{"line":1,"column":34}},"1":{"start":{"line":2,"column":0},"end":{"line":2,"column":45}},"2":{"start":{"line":3,"column":0},"end":{"line":3,"column":20}},"3":{"start":{"line":4,"column":0},"end":{"line":4,"column":27}},"5":{"start":{"line":6,"column":0},"end":{"line":6,"column":52}},"6":{"start":{"line":7,"column":0},"end":{"line":7,"column":14}},"7":{"start":{"line":8,"column":0},"end":{"line":8,"column":13}},"8":{"start":{"line":9,"column":0},"end":{"line":9,"column":16}},"9":{"start":{"line":10,"column":0},"end":{"line":10,"column":1}}},"s":{"0":0,"1":0,"2":0,"3":0,"5":0,"6":0,"7":0,"8":0,"9":0},"branchMap":{"0":{"type":"branch","line":1,"loc":{"start":{"line":1,"column":205},"end":{"line":10,"column":-150}},"locations":[{"start":{"line":1,"column":205},"end":{"line":10,"column":-150}}]}},"b":{"0":[0]},"fnMap":{"0":{"name":"(empty-report)","decl":{"start":{"line":1,"column":205},"end":{"line":10,"column":-150}},"loc":{"start":{"line":1,"column":205},"end":{"line":10,"column":-150}},"line":1}},"f":{"0":0}}
,"C:\\Users\\susan\\OneDrive\\Desktop\\rs-react-app\\src\\components\\Details.tsx": {"path":"C:\\Users\\susan\\OneDrive\\Desktop\\rs-react-app\\src\\components\\Details.tsx","all":false,"statementMap":{"0":{"start":{"line":1,"column":0},"end":{"line":1,"column":58}},"1":{"start":{"line":2,"column":0},"end":{"line":2,"column":58}},"3":{"start":{"line":4,"column":0},"end":{"line":4,"column":23}},"4":{"start":{"line":5,"column":0},"end":{"line":5,"column":48}},"5":{"start":{"line":6,"column":0},"end":{"line":6,"column":35}},"7":{"start":{"line":8,"column":0},"end":{"line":8,"column":68}},"8":{"start":{"line":9,"column":0},"end":{"line":9,"column":14}},"9":{"start":{"line":10,"column":0},"end":{"line":10,"column":37}},"10":{"start":{"line":11,"column":0},"end":{"line":11,"column":5}},"12":{"start":{"line":13,"column":0},"end":{"line":13,"column":111}},"13":{"start":{"line":14,"column":0},"end":{"line":14,"column":12}},"14":{"start":{"line":15,"column":0},"end":{"line":15,"column":10}},"15":{"start":{"line":16,"column":0},"end":{"line":16,"column":45}},"16":{"start":{"line":17,"column":0},"end":{"line":17,"column":25}},"17":{"start":{"line":18,"column":0},"end":{"line":18,"column":30}},"18":{"start":{"line":19,"column":0},"end":{"line":19,"column":15}},"19":{"start":{"line":20,"column":0},"end":{"line":20,"column":41}},"20":{"start":{"line":21,"column":0},"end":{"line":21,"column":45}},"21":{"start":{"line":22,"column":0},"end":{"line":22,"column":41}},"22":{"start":{"line":23,"column":0},"end":{"line":23,"column":53}},"23":{"start":{"line":24,"column":0},"end":{"line":24,"column":18}},"25":{"start":{"line":26,"column":0},"end":{"line":26,"column":50}},"27":{"start":{"line":28,"column":0},"end":{"line":28,"column":21}},"28":{"start":{"line":29,"column":0},"end":{"line":29,"column":11}},"30":{"start":{"line":31,"column":0},"end":{"line":31,"column":2}},"32":{"start":{"line":33,"column":0},"end":{"line":33,"column":23}}},"s":{"0":1,"1":1,"3":1,"4":5,"5":5,"7":5,"8":5,"9":1,"10":1,"12":4,"13":4,"14":4,"15":4,"16":4,"17":4,"18":4,"19":5,"20":5,"21":5,"22":5,"23":5,"25":5,"27":5,"28":5,"30":5,"32":1},"branchMap":{"0":{"type":"branch","line":4,"loc":{"start":{"line":4,"column":16},"end":{"line":31,"column":2}},"locations":[{"start":{"line":4,"column":16},"end":{"line":31,"column":2}}]},"1":{"type":"branch","line":8,"loc":{"start":{"line":8,"column":43},"end":{"line":8,"column":53}},"locations":[{"start":{"line":8,"column":43},"end":{"line":8,"column":53}}]},"2":{"type":"branch","line":9,"loc":{"start":{"line":9,"column":13},"end":{"line":11,"column":5}},"locations":[{"start":{"line":9,"column":13},"end":{"line":11,"column":5}}]},"3":{"type":"branch","line":11,"loc":{"start":{"line":11,"column":4},"end":{"line":20,"column":32}},"locations":[{"start":{"line":11,"column":4},"end":{"line":20,"column":32}}]},"4":{"type":"branch","line":20,"loc":{"start":{"line":20,"column":26},"end":{"line":20,"column":37}},"locations":[{"start":{"line":20,"column":26},"end":{"line":20,"column":37}}]},"5":{"type":"branch","line":21,"loc":{"start":{"line":21,"column":28},"end":{"line":21,"column":41}},"locations":[{"start":{"line":21,"column":28},"end":{"line":21,"column":41}}]},"6":{"type":"branch","line":22,"loc":{"start":{"line":22,"column":26},"end":{"line":22,"column":37}},"locations":[{"start":{"line":22,"column":26},"end":{"line":22,"column":37}}]},"7":{"type":"branch","line":23,"loc":{"start":{"line":23,"column":32},"end":{"line":23,"column":49}},"locations":[{"start":{"line":23,"column":32},"end":{"line":23,"column":49}}]},"8":{"type":"branch","line":26,"loc":{"start":{"line":26,"column":29},"end":{"line":26,"column":50}},"locations":[{"start":{"line":26,"column":29},"end":{"line":26,"column":50}}]}},"b":{"0":[5],"1":[1],"2":[1],"3":[4],"4":[3],"5":[3],"6":[3],"7":[3],"8":[1]},"fnMap":{"0":{"name":"Details","decl":{"start":{"line":4,"column":16},"end":{"line":31,"column":2}},"loc":{"start":{"line":4,"column":16},"end":{"line":31,"column":2}},"line":4},"1":{"name":"onClick","decl":{"start":{"line":26,"column":29},"end":{"line":26,"column":50}},"loc":{"start":{"line":26,"column":29},"end":{"line":26,"column":50}},"line":26}},"f":{"0":5,"1":1}}
,"C:\\Users\\susan\\OneDrive\\Desktop\\rs-react-app\\src\\components\\ErrorBoundary.tsx": {"path":"C:\\Users\\susan\\OneDrive\\Desktop\\rs-react-app\\src\\components\\ErrorBoundary.tsx","all":false,"statementMap":{"0":{"start":{"line":1,"column":0},"end":{"line":1,"column":45}},"7":{"start":{"line":8,"column":0},"end":{"line":8,"column":71}},"8":{"start":{"line":9,"column":0},"end":{"line":9,"column":47}},"9":{"start":{"line":10,"column":0},"end":{"line":10,"column":17}},"10":{"start":{"line":11,"column":0},"end":{"line":11,"column":18}},"11":{"start":{"line":12,"column":0},"end":{"line":12,"column":18}},"12":{"start":{"line":13,"column":0},"end":{"line":13,"column":22}},"13":{"start":{"line":14,"column":0},"end":{"line":14,"column":6}},"14":{"start":{"line":15,"column":0},"end":{"line":15,"column":3}},"16":{"start":{"line":17,"column":0},"end":{"line":17,"column":63}},"17":{"start":{"line":18,"column":0},"end":{"line":18,"column":58}},"18":{"start":{"line":19,"column":0},"end":{"line":19,"column":3}},"20":{"start":{"line":21,"column":0},"end":{"line":21,"column":12}},"21":{"start":{"line":22,"column":0},"end":{"line":22,"column":31}},"22":{"start":{"line":23,"column":0},"end":{"line":23,"column":14}},"23":{"start":{"line":24,"column":0},"end":{"line":24,"column":21}},"24":{"start":{"line":25,"column":0},"end":{"line":25,"column":27}},"25":{"start":{"line":26,"column":0},"end":{"line":26,"column":34}},"26":{"start":{"line":27,"column":0},"end":{"line":27,"column":25}},"27":{"start":{"line":28,"column":0},"end":{"line":28,"column":25}},"28":{"start":{"line":29,"column":0},"end":{"line":29,"column":11}},"29":{"start":{"line":30,"column":0},"end":{"line":30,"column":40}},"30":{"start":{"line":31,"column":0},"end":{"line":31,"column":44}},"31":{"start":{"line":32,"column":0},"end":{"line":32,"column":58}},"32":{"start":{"line":33,"column":0},"end":{"line":33,"column":14}},"34":{"start":{"line":35,"column":0},"end":{"line":35,"column":5}},"36":{"start":{"line":37,"column":0},"end":{"line":37,"column":31}},"37":{"start":{"line":38,"column":0},"end":{"line":38,"column":3}},"38":{"start":{"line":39,"column":0},"end":{"line":39,"column":1}},"40":{"start":{"line":41,"column":0},"end":{"line":41,"column":29}}},"s":{"0":1,"7":1,"8":1,"9":6,"10":6,"11":6,"12":6,"13":6,"14":6,"16":1,"17":2,"18":2,"20":1,"21":7,"22":2,"23":2,"24":2,"25":2,"26":2,"27":2,"28":2,"29":2,"30":2,"31":2,"32":2,"34":2,"36":5,"37":7,"38":1,"40":1},"branchMap":{"0":{"type":"branch","line":9,"loc":{"start":{"line":9,"column":2},"end":{"line":15,"column":3}},"locations":[{"start":{"line":9,"column":2},"end":{"line":15,"column":3}}]},"1":{"type":"branch","line":17,"loc":{"start":{"line":17,"column":2},"end":{"line":19,"column":3}},"locations":[{"start":{"line":17,"column":2},"end":{"line":19,"column":3}}]},"2":{"type":"branch","line":21,"loc":{"start":{"line":21,"column":2},"end":{"line":38,"column":3}},"locations":[{"start":{"line":21,"column":2},"end":{"line":38,"column":3}}]},"3":{"type":"branch","line":22,"loc":{"start":{"line":22,"column":30},"end":{"line":35,"column":5}},"locations":[{"start":{"line":22,"column":30},"end":{"line":35,"column":5}}]},"4":{"type":"branch","line":35,"loc":{"start":{"line":35,"column":4},"end":{"line":37,"column":31}},"locations":[{"start":{"line":35,"column":4},"end":{"line":37,"column":31}}]}},"b":{"0":[6],"1":[2],"2":[7],"3":[2],"4":[5]},"fnMap":{"0":{"name":"ErrorBoundary","decl":{"start":{"line":9,"column":2},"end":{"line":15,"column":3}},"loc":{"start":{"line":9,"column":2},"end":{"line":15,"column":3}},"line":9},"1":{"name":"componentDidCatch","decl":{"start":{"line":17,"column":2},"end":{"line":19,"column":3}},"loc":{"start":{"line":17,"column":2},"end":{"line":19,"column":3}},"line":17},"2":{"name":"render","decl":{"start":{"line":21,"column":2},"end":{"line":38,"column":3}},"loc":{"start":{"line":21,"column":2},"end":{"line":38,"column":3}},"line":21}},"f":{"0":6,"1":2,"2":7}}
,"C:\\Users\\susan\\OneDrive\\Desktop\\rs-react-app\\src\\components\\NotFound.tsx": {"path":"C:\\Users\\susan\\OneDrive\\Desktop\\rs-react-app\\src\\components\\NotFound.tsx","all":false,"statementMap":{"0":{"start":{"line":1,"column":0},"end":{"line":1,"column":47}},"2":{"start":{"line":3,"column":0},"end":{"line":3,"column":24}},"3":{"start":{"line":4,"column":0},"end":{"line":4,"column":33}},"4":{"start":{"line":5,"column":0},"end":{"line":5,"column":12}},"5":{"start":{"line":6,"column":0},"end":{"line":6,"column":80}},"6":{"start":{"line":7,"column":0},"end":{"line":7,"column":41}},"7":{"start":{"line":8,"column":0},"end":{"line":8,"column":63}},"8":{"start":{"line":9,"column":0},"end":{"line":9,"column":64}},"9":{"start":{"line":10,"column":0},"end":{"line":10,"column":14}},"11":{"start":{"line":12,"column":0},"end":{"line":12,"column":2}},"13":{"start":{"line":14,"column":0},"end":{"line":14,"column":24}}},"s":{"0":1,"2":1,"3":2,"4":2,"5":2,"6":2,"7":2,"8":2,"9":2,"11":2,"13":1},"branchMap":{"0":{"type":"branch","line":3,"loc":{"start":{"line":3,"column":17},"end":{"line":12,"column":2}},"locations":[{"start":{"line":3,"column":17},"end":{"line":12,"column":2}}]},"1":{"type":"branch","line":9,"loc":{"start":{"line":9,"column":29},"end":{"line":9,"column":50}},"locations":[{"start":{"line":9,"column":29},"end":{"line":9,"column":50}}]}},"b":{"0":[2],"1":[1]},"fnMap":{"0":{"name":"NotFound","decl":{"start":{"line":3,"column":17},"end":{"line":12,"column":2}},"loc":{"start":{"line":3,"column":17},"end":{"line":12,"column":2}},"line":3},"1":{"name":"onClick","decl":{"start":{"line":9,"column":29},"end":{"line":9,"column":50}},"loc":{"start":{"line":9,"column":29},"end":{"line":9,"column":50}},"line":9}},"f":{"0":2,"1":1}}
,"C:\\Users\\susan\\OneDrive\\Desktop\\rs-react-app\\src\\components\\SelectedItems.tsx": {"path":"C:\\Users\\susan\\OneDrive\\Desktop\\rs-react-app\\src\\components\\SelectedItems.tsx","all":false,"statementMap":{"0":{"start":{"line":1,"column":0},"end":{"line":1,"column":44}},"1":{"start":{"line":2,"column":0},"end":{"line":2,"column":55}},"3":{"start":{"line":4,"column":0},"end":{"line":4,"column":53}},"5":{"start":{"line":6,"column":0},"end":{"line":6,"column":41}},"6":{"start":{"line":7,"column":0},"end":{"line":7,"column":35}},"7":{"start":{"line":8,"column":0},"end":{"line":8,"column":85}},"8":{"start":{"line":9,"column":0},"end":{"line":9,"column":95}},"10":{"start":{"line":11,"column":0},"end":{"line":11,"column":21}},"11":{"start":{"line":12,"column":0},"end":{"line":12,"column":39}},"12":{"start":{"line":13,"column":0},"end":{"line":13,"column":46}},"13":{"start":{"line":14,"column":0},"end":{"line":14,"column":114}},"14":{"start":{"line":15,"column":0},"end":{"line":15,"column":14}},"15":{"start":{"line":16,"column":0},"end":{"line":16,"column":35}},"16":{"start":{"line":17,"column":0},"end":{"line":17,"column":10}},"18":{"start":{"line":19,"column":0},"end":{"line":19,"column":20}},"19":{"start":{"line":20,"column":0},"end":{"line":20,"column":24}},"21":{"start":{"line":22,"column":0},"end":{"line":22,"column":33}},"22":{"start":{"line":23,"column":0},"end":{"line":23,"column":42}},"24":{"start":{"line":25,"column":0},"end":{"line":25,"column":66}},"25":{"start":{"line":26,"column":0},"end":{"line":26,"column":46}},"27":{"start":{"line":28,"column":0},"end":{"line":28,"column":49}},"28":{"start":{"line":29,"column":0},"end":{"line":29,"column":24}},"29":{"start":{"line":30,"column":0},"end":{"line":30,"column":60}},"30":{"start":{"line":31,"column":0},"end":{"line":31,"column":40}},"31":{"start":{"line":32,"column":0},"end":{"line":32,"column":21}},"33":{"start":{"line":34,"column":0},"end":{"line":34,"column":40}},"34":{"start":{"line":35,"column":0},"end":{"line":35,"column":33}},"35":{"start":{"line":36,"column":0},"end":{"line":36,"column":6}},"37":{"start":{"line":38,"column":0},"end":{"line":38,"column":40}},"38":{"start":{"line":39,"column":0},"end":{"line":39,"column":47}},"39":{"start":{"line":40,"column":0},"end":{"line":40,"column":21}},"40":{"start":{"line":41,"column":0},"end":{"line":41,"column":30}},"41":{"start":{"line":42,"column":0},"end":{"line":42,"column":77}},"42":{"start":{"line":43,"column":0},"end":{"line":43,"column":21}},"43":{"start":{"line":44,"column":0},"end":{"line":44,"column":19}},"44":{"start":{"line":45,"column":0},"end":{"line":45,"column":6}},"46":{"start":{"line":47,"column":0},"end":{"line":47,"column":12}},"47":{"start":{"line":48,"column":0},"end":{"line":48,"column":10}},"48":{"start":{"line":49,"column":0},"end":{"line":49,"column":42}},"49":{"start":{"line":50,"column":0},"end":{"line":50,"column":29}},"50":{"start":{"line":51,"column":0},"end":{"line":51,"column":34}},"51":{"start":{"line":52,"column":0},"end":{"line":52,"column":19}},"52":{"start":{"line":53,"column":0},"end":{"line":53,"column":27}},"53":{"start":{"line":54,"column":0},"end":{"line":54,"column":120}},"54":{"start":{"line":55,"column":0},"end":{"line":55,"column":68}},"55":{"start":{"line":56,"column":0},"end":{"line":56,"column":21}},"56":{"start":{"line":57,"column":0},"end":{"line":57,"column":61}},"57":{"start":{"line":58,"column":0},"end":{"line":58,"column":29}},"58":{"start":{"line":59,"column":0},"end":{"line":59,"column":179}},"59":{"start":{"line":60,"column":0},"end":{"line":60,"column":22}},"61":{"start":{"line":62,"column":0},"end":{"line":62,"column":11}},"63":{"start":{"line":64,"column":0},"end":{"line":64,"column":1}}},"s":{"0":1,"1":1,"3":1,"5":11,"6":11,"7":11,"8":11,"10":11,"11":6,"12":6,"13":6,"14":6,"15":6,"16":6,"18":6,"19":11,"21":11,"22":1,"24":1,"25":1,"27":1,"28":1,"29":1,"30":1,"31":1,"33":1,"34":1,"35":1,"37":11,"38":1,"39":1,"40":1,"41":1,"42":1,"43":1,"44":1,"46":11,"47":11,"48":11,"49":6,"50":6,"51":6,"52":6,"53":6,"54":6,"55":6,"56":6,"57":6,"58":6,"59":6,"61":11,"63":11},"branchMap":{"0":{"type":"branch","line":6,"loc":{"start":{"line":6,"column":0},"end":{"line":64,"column":1}},"locations":[{"start":{"line":6,"column":0},"end":{"line":64,"column":1}}]},"1":{"type":"branch","line":49,"loc":{"start":{"line":49,"column":36},"end":{"line":60,"column":22}},"locations":[{"start":{"line":49,"column":36},"end":{"line":60,"column":22}}]},"2":{"type":"branch","line":8,"loc":{"start":{"line":8,"column":38},"end":{"line":8,"column":83}},"locations":[{"start":{"line":8,"column":38},"end":{"line":8,"column":83}}]},"3":{"type":"branch","line":11,"loc":{"start":{"line":11,"column":14},"end":{"line":20,"column":7}},"locations":[{"start":{"line":11,"column":14},"end":{"line":20,"column":7}}]},"4":{"type":"branch","line":12,"loc":{"start":{"line":12,"column":26},"end":{"line":17,"column":10}},"locations":[{"start":{"line":12,"column":26},"end":{"line":17,"column":10}}]},"5":{"type":"branch","line":14,"loc":{"start":{"line":14,"column":34},"end":{"line":14,"column":113}},"locations":[{"start":{"line":14,"column":34},"end":{"line":14,"column":113}}]},"6":{"type":"branch","line":14,"loc":{"start":{"line":14,"column":95},"end":{"line":14,"column":112}},"locations":[{"start":{"line":14,"column":95},"end":{"line":14,"column":112}}]},"7":{"type":"branch","line":22,"loc":{"start":{"line":22,"column":26},"end":{"line":36,"column":6}},"locations":[{"start":{"line":22,"column":26},"end":{"line":36,"column":6}}]},"8":{"type":"branch","line":38,"loc":{"start":{"line":38,"column":25},"end":{"line":45,"column":6}},"locations":[{"start":{"line":38,"column":25},"end":{"line":45,"column":6}}]},"9":{"type":"branch","line":55,"loc":{"start":{"line":55,"column":33},"end":{"line":55,"column":68}},"locations":[{"start":{"line":55,"column":33},"end":{"line":55,"column":68}}]}},"b":{"0":[11],"1":[6],"2":[16],"3":[6],"4":[6],"5":[5],"6":[5],"7":[1],"8":[1],"9":[1]},"fnMap":{"0":{"name":"SelectedItems","decl":{"start":{"line":6,"column":0},"end":{"line":64,"column":1}},"loc":{"start":{"line":6,"column":0},"end":{"line":64,"column":1}},"line":6},"1":{"name":"fetchData","decl":{"start":{"line":12,"column":26},"end":{"line":17,"column":10}},"loc":{"start":{"line":12,"column":26},"end":{"line":17,"column":10}},"line":12},"2":{"name":"downloadItems","decl":{"start":{"line":22,"column":26},"end":{"line":36,"column":6}},"loc":{"start":{"line":22,"column":26},"end":{"line":36,"column":6}},"line":22},"3":{"name":"convertToCSV","decl":{"start":{"line":38,"column":25},"end":{"line":45,"column":6}},"loc":{"start":{"line":38,"column":25},"end":{"line":45,"column":6}},"line":38},"4":{"name":"onClick","decl":{"start":{"line":55,"column":33},"end":{"line":55,"column":68}},"loc":{"start":{"line":55,"column":33},"end":{"line":55,"column":68}},"line":55}},"f":{"0":11,"1":6,"2":1,"3":1,"4":1}}
,"C:\\Users\\susan\\OneDrive\\Desktop\\rs-react-app\\src\\components\\Card\\Card.tsx": {"path":"C:\\Users\\susan\\OneDrive\\Desktop\\rs-react-app\\src\\components\\Card\\Card.tsx","all":false,"statementMap":{"0":{"start":{"line":1,"column":0},"end":{"line":1,"column":55}},"2":{"start":{"line":3,"column":0},"end":{"line":3,"column":59}},"3":{"start":{"line":4,"column":0},"end":{"line":4,"column":20}},"4":{"start":{"line":5,"column":0},"end":{"line":5,"column":33}},"18":{"start":{"line":19,"column":0},"end":{"line":19,"column":56}},"19":{"start":{"line":20,"column":0},"end":{"line":20,"column":33}},"20":{"start":{"line":21,"column":0},"end":{"line":21,"column":83}},"22":{"start":{"line":23,"column":0},"end":{"line":23,"column":77}},"23":{"start":{"line":24,"column":0},"end":{"line":24,"column":30}},"24":{"start":{"line":25,"column":0},"end":{"line":25,"column":17}},"25":{"start":{"line":26,"column":0},"end":{"line":26,"column":33}},"26":{"start":{"line":27,"column":0},"end":{"line":27,"column":28}},"27":{"start":{"line":28,"column":0},"end":{"line":28,"column":10}},"28":{"start":{"line":29,"column":0},"end":{"line":29,"column":31}},"29":{"start":{"line":30,"column":0},"end":{"line":30,"column":5}},"30":{"start":{"line":31,"column":0},"end":{"line":31,"column":40}},"31":{"start":{"line":32,"column":0},"end":{"line":32,"column":4}},"33":{"start":{"line":34,"column":0},"end":{"line":34,"column":10}},"34":{"start":{"line":35,"column":0},"end":{"line":35,"column":58}},"35":{"start":{"line":36,"column":0},"end":{"line":36,"column":82}},"36":{"start":{"line":37,"column":0},"end":{"line":37,"column":18}},"37":{"start":{"line":38,"column":0},"end":{"line":38,"column":5}},"38":{"start":{"line":39,"column":0},"end":{"line":39,"column":5}},"39":{"start":{"line":40,"column":0},"end":{"line":40,"column":26}},"40":{"start":{"line":41,"column":0},"end":{"line":41,"column":118}},"41":{"start":{"line":42,"column":0},"end":{"line":42,"column":43}},"42":{"start":{"line":43,"column":0},"end":{"line":43,"column":44}},"43":{"start":{"line":44,"column":0},"end":{"line":44,"column":10}},"45":{"start":{"line":46,"column":0},"end":{"line":46,"column":2}},"47":{"start":{"line":48,"column":0},"end":{"line":48,"column":20}}},"s":{"0":1,"2":1,"3":1,"4":1,"18":1,"19":14,"20":14,"22":14,"23":14,"24":3,"25":2,"26":2,"27":3,"28":1,"29":1,"30":3,"31":3,"33":14,"34":14,"35":6,"36":3,"37":3,"38":6,"39":14,"40":14,"41":14,"42":14,"43":14,"45":14,"47":1},"branchMap":{"0":{"type":"branch","line":19,"loc":{"start":{"line":19,"column":13},"end":{"line":46,"column":2}},"locations":[{"start":{"line":19,"column":13},"end":{"line":46,"column":2}}]},"1":{"type":"branch","line":21,"loc":{"start":{"line":21,"column":36},"end":{"line":21,"column":81}},"locations":[{"start":{"line":21,"column":36},"end":{"line":21,"column":81}}]},"2":{"type":"branch","line":24,"loc":{"start":{"line":24,"column":23},"end":{"line":32,"column":4}},"locations":[{"start":{"line":24,"column":23},"end":{"line":32,"column":4}}]},"3":{"type":"branch","line":25,"loc":{"start":{"line":25,"column":16},"end":{"line":28,"column":9}},"locations":[{"start":{"line":25,"column":16},"end":{"line":28,"column":9}}]},"4":{"type":"branch","line":28,"loc":{"start":{"line":28,"column":4},"end":{"line":30,"column":5}},"locations":[{"start":{"line":28,"column":4},"end":{"line":30,"column":5}}]},"5":{"type":"branch","line":31,"loc":{"start":{"line":31,"column":15},"end":{"line":31,"column":38}},"locations":[{"start":{"line":31,"column":15},"end":{"line":31,"column":38}}]},"6":{"type":"branch","line":35,"loc":{"start":{"line":35,"column":50},"end":{"line":39,"column":5}},"locations":[{"start":{"line":35,"column":50},"end":{"line":39,"column":5}}]},"7":{"type":"branch","line":36,"loc":{"start":{"line":36,"column":30},"end":{"line":36,"column":81}},"locations":[{"start":{"line":36,"column":30},"end":{"line":36,"column":81}}]},"8":{"type":"branch","line":36,"loc":{"start":{"line":36,"column":81},"end":{"line":38,"column":5}},"locations":[{"start":{"line":36,"column":81},"end":{"line":38,"column":5}}]}},"b":{"0":[14],"1":[28],"2":[3],"3":[2],"4":[1],"5":[3],"6":[6],"7":[3],"8":[3]},"fnMap":{"0":{"name":"Card","decl":{"start":{"line":19,"column":13},"end":{"line":46,"column":2}},"loc":{"start":{"line":19,"column":13},"end":{"line":46,"column":2}},"line":19},"1":{"name":"handleChange","decl":{"start":{"line":24,"column":23},"end":{"line":32,"column":4}},"loc":{"start":{"line":24,"column":23},"end":{"line":32,"column":4}},"line":24},"2":{"name":"onClick","decl":{"start":{"line":35,"column":50},"end":{"line":39,"column":5}},"loc":{"start":{"line":35,"column":50},"end":{"line":39,"column":5}},"line":35}},"f":{"0":14,"1":3,"2":6}}
,"C:\\Users\\susan\\OneDrive\\Desktop\\rs-react-app\\src\\components\\CardList\\CardList.tsx": {"path":"C:\\Users\\susan\\OneDrive\\Desktop\\rs-react-app\\src\\components\\CardList\\CardList.tsx","all":false,"statementMap":{"0":{"start":{"line":1,"column":0},"end":{"line":1,"column":34}},"1":{"start":{"line":2,"column":0},"end":{"line":2,"column":47}},"2":{"start":{"line":3,"column":0},"end":{"line":3,"column":63}},"3":{"start":{"line":4,"column":0},"end":{"line":4,"column":24}},"4":{"start":{"line":5,"column":0},"end":{"line":5,"column":32}},"5":{"start":{"line":6,"column":0},"end":{"line":6,"column":38}},"6":{"start":{"line":7,"column":0},"end":{"line":7,"column":45}},"7":{"start":{"line":8,"column":0},"end":{"line":8,"column":42}},"16":{"start":{"line":17,"column":0},"end":{"line":17,"column":36}},"17":{"start":{"line":18,"column":0},"end":{"line":18,"column":79}},"18":{"start":{"line":19,"column":0},"end":{"line":19,"column":35}},"20":{"start":{"line":21,"column":0},"end":{"line":21,"column":77}},"21":{"start":{"line":22,"column":0},"end":{"line":22,"column":47}},"22":{"start":{"line":23,"column":0},"end":{"line":23,"column":19}},"23":{"start":{"line":24,"column":0},"end":{"line":24,"column":7}},"25":{"start":{"line":26,"column":0},"end":{"line":26,"column":21}},"26":{"start":{"line":27,"column":0},"end":{"line":27,"column":20}},"27":{"start":{"line":28,"column":0},"end":{"line":28,"column":57}},"28":{"start":{"line":29,"column":0},"end":{"line":29,"column":29}},"29":{"start":{"line":30,"column":0},"end":{"line":30,"column":19}},"30":{"start":{"line":31,"column":0},"end":{"line":31,"column":9}},"32":{"start":{"line":33,"column":0},"end":{"line":33,"column":40}},"33":{"start":{"line":34,"column":0},"end":{"line":34,"column":29}},"34":{"start":{"line":35,"column":0},"end":{"line":35,"column":19}},"35":{"start":{"line":36,"column":0},"end":{"line":36,"column":9}},"37":{"start":{"line":38,"column":0},"end":{"line":38,"column":41}},"38":{"start":{"line":39,"column":0},"end":{"line":39,"column":37}},"39":{"start":{"line":40,"column":0},"end":{"line":40,"column":9}},"40":{"start":{"line":41,"column":0},"end":{"line":41,"column":64}},"42":{"start":{"line":43,"column":0},"end":{"line":43,"column":45}},"43":{"start":{"line":44,"column":0},"end":{"line":44,"column":55}},"44":{"start":{"line":45,"column":0},"end":{"line":45,"column":6}},"46":{"start":{"line":47,"column":0},"end":{"line":47,"column":22}},"47":{"start":{"line":48,"column":0},"end":{"line":48,"column":26}},"48":{"start":{"line":49,"column":0},"end":{"line":49,"column":5}},"50":{"start":{"line":51,"column":0},"end":{"line":51,"column":12}},"51":{"start":{"line":52,"column":0},"end":{"line":52,"column":17}},"52":{"start":{"line":53,"column":0},"end":{"line":53,"column":30}},"53":{"start":{"line":54,"column":0},"end":{"line":54,"column":46}},"54":{"start":{"line":55,"column":0},"end":{"line":55,"column":55}},"55":{"start":{"line":56,"column":0},"end":{"line":56,"column":62}},"56":{"start":{"line":57,"column":0},"end":{"line":57,"column":49}},"57":{"start":{"line":58,"column":0},"end":{"line":58,"column":123}},"58":{"start":{"line":59,"column":0},"end":{"line":59,"column":32}},"59":{"start":{"line":60,"column":0},"end":{"line":60,"column":45}},"60":{"start":{"line":61,"column":0},"end":{"line":61,"column":37}},"61":{"start":{"line":62,"column":0},"end":{"line":62,"column":45}},"62":{"start":{"line":63,"column":0},"end":{"line":63,"column":48}},"63":{"start":{"line":64,"column":0},"end":{"line":64,"column":50}},"64":{"start":{"line":65,"column":0},"end":{"line":65,"column":71}},"65":{"start":{"line":66,"column":0},"end":{"line":66,"column":34}},"66":{"start":{"line":67,"column":0},"end":{"line":67,"column":34}},"68":{"start":{"line":69,"column":0},"end":{"line":69,"column":23}},"69":{"start":{"line":70,"column":0},"end":{"line":70,"column":26}},"70":{"start":{"line":71,"column":0},"end":{"line":71,"column":21}},"72":{"start":{"line":73,"column":0},"end":{"line":73,"column":69}},"73":{"start":{"line":74,"column":0},"end":{"line":74,"column":31}},"74":{"start":{"line":75,"column":0},"end":{"line":75,"column":18}},"75":{"start":{"line":76,"column":0},"end":{"line":76,"column":18}},"77":{"start":{"line":78,"column":0},"end":{"line":78,"column":2}},"79":{"start":{"line":80,"column":0},"end":{"line":80,"column":24}}},"s":{"0":1,"1":1,"2":1,"3":1,"4":1,"5":1,"6":1,"7":1,"16":1,"17":9,"18":9,"20":9,"21":9,"22":9,"23":9,"25":9,"26":9,"27":1,"28":1,"29":1,"30":1,"32":9,"33":4,"34":4,"35":4,"37":9,"38":1,"39":1,"40":9,"42":9,"43":2,"44":2,"46":9,"47":1,"48":1,"50":8,"51":8,"52":9,"53":5,"54":5,"55":5,"56":5,"57":5,"58":5,"59":5,"60":5,"61":5,"62":5,"63":5,"64":5,"65":5,"66":5,"68":5,"69":5,"70":3,"72":9,"73":9,"74":9,"75":9,"77":9,"79":1},"branchMap":{"0":{"type":"branch","line":17,"loc":{"start":{"line":17,"column":17},"end":{"line":78,"column":2}},"locations":[{"start":{"line":17,"column":17},"end":{"line":78,"column":2}}]},"1":{"type":"branch","line":47,"loc":{"start":{"line":47,"column":21},"end":{"line":49,"column":5}},"locations":[{"start":{"line":47,"column":21},"end":{"line":49,"column":5}}]},"2":{"type":"branch","line":49,"loc":{"start":{"line":49,"column":4},"end":{"line":53,"column":19}},"locations":[{"start":{"line":49,"column":4},"end":{"line":53,"column":19}}]},"3":{"type":"branch","line":53,"loc":{"start":{"line":53,"column":13},"end":{"line":53,"column":30}},"locations":[{"start":{"line":53,"column":13},"end":{"line":53,"column":30}}]},"4":{"type":"branch","line":53,"loc":{"start":{"line":53,"column":19},"end":{"line":70,"column":26}},"locations":[{"start":{"line":53,"column":19},"end":{"line":70,"column":26}}]},"5":{"type":"branch","line":70,"loc":{"start":{"line":70,"column":16},"end":{"line":71,"column":21}},"locations":[{"start":{"line":70,"column":16},"end":{"line":71,"column":21}}]},"6":{"type":"branch","line":18,"loc":{"start":{"line":18,"column":35},"end":{"line":18,"column":77}},"locations":[{"start":{"line":18,"column":35},"end":{"line":18,"column":77}}]},"7":{"type":"branch","line":26,"loc":{"start":{"line":26,"column":14},"end":{"line":41,"column":7}},"locations":[{"start":{"line":26,"column":14},"end":{"line":41,"column":7}}]},"8":{"type":"branch","line":27,"loc":{"start":{"line":27,"column":19},"end":{"line":31,"column":9}},"locations":[{"start":{"line":27,"column":19},"end":{"line":31,"column":9}}]},"9":{"type":"branch","line":31,"loc":{"start":{"line":31,"column":8},"end":{"line":33,"column":21}},"locations":[{"start":{"line":31,"column":8},"end":{"line":33,"column":21}}]},"10":{"type":"branch","line":33,"loc":{"start":{"line":33,"column":13},"end":{"line":33,"column":39}},"locations":[{"start":{"line":33,"column":13},"end":{"line":33,"column":39}}]},"11":{"type":"branch","line":33,"loc":{"start":{"line":33,"column":39},"end":{"line":38,"column":25}},"locations":[{"start":{"line":33,"column":39},"end":{"line":38,"column":25}}]},"12":{"type":"branch","line":38,"loc":{"start":{"line":38,"column":12},"end":{"line":38,"column":40}},"locations":[{"start":{"line":38,"column":12},"end":{"line":38,"column":40}}]},"13":{"type":"branch","line":38,"loc":{"start":{"line":38,"column":40},"end":{"line":40,"column":9}},"locations":[{"start":{"line":38,"column":40},"end":{"line":40,"column":9}}]},"14":{"type":"branch","line":43,"loc":{"start":{"line":43,"column":28},"end":{"line":45,"column":6}},"locations":[{"start":{"line":43,"column":28},"end":{"line":45,"column":6}}]},"15":{"type":"branch","line":55,"loc":{"start":{"line":55,"column":38},"end":{"line":69,"column":21}},"locations":[{"start":{"line":55,"column":38},"end":{"line":69,"column":21}}]},"16":{"type":"branch","line":65,"loc":{"start":{"line":65,"column":45},"end":{"line":65,"column":71}},"locations":[{"start":{"line":65,"column":45},"end":{"line":65,"column":71}}]}},"b":{"0":[9],"1":[1],"2":[8],"3":[5],"4":[5],"5":[3],"6":[18],"7":[9],"8":[1],"9":[8],"10":[5],"11":[4],"12":[1],"13":[1],"14":[2],"15":[5],"16":[2]},"fnMap":{"0":{"name":"CardList","decl":{"start":{"line":17,"column":17},"end":{"line":78,"column":2}},"loc":{"start":{"line":17,"column":17},"end":{"line":78,"column":2}},"line":17},"1":{"name":"handleItemClick","decl":{"start":{"line":43,"column":28},"end":{"line":45,"column":6}},"loc":{"start":{"line":43,"column":28},"end":{"line":45,"column":6}},"line":43},"2":{"name":"onClick","decl":{"start":{"line":65,"column":45},"end":{"line":65,"column":71}},"loc":{"start":{"line":65,"column":45},"end":{"line":65,"column":71}},"line":65}},"f":{"0":9,"1":2,"2":2}}
,"C:\\Users\\susan\\OneDrive\\Desktop\\rs-react-app\\src\\components\\Loader\\Loader.tsx": {"path":"C:\\Users\\susan\\OneDrive\\Desktop\\rs-react-app\\src\\components\\Loader\\Loader.tsx","all":false,"statementMap":{"0":{"start":{"line":1,"column":0},"end":{"line":1,"column":21}},"2":{"start":{"line":3,"column":0},"end":{"line":3,"column":22}},"3":{"start":{"line":4,"column":0},"end":{"line":4,"column":42}},"4":{"start":{"line":5,"column":0},"end":{"line":5,"column":40}},"5":{"start":{"line":6,"column":0},"end":{"line":6,"column":10}},"6":{"start":{"line":7,"column":0},"end":{"line":7,"column":1}},"8":{"start":{"line":9,"column":0},"end":{"line":9,"column":22}}},"s":{"0":1,"2":1,"3":2,"4":2,"5":2,"6":2,"8":1},"branchMap":{"0":{"type":"branch","line":3,"loc":{"start":{"line":3,"column":15},"end":{"line":7,"column":1}},"locations":[{"start":{"line":3,"column":15},"end":{"line":7,"column":1}}]}},"b":{"0":[2]},"fnMap":{"0":{"name":"Loader","decl":{"start":{"line":3,"column":15},"end":{"line":7,"column":1}},"loc":{"start":{"line":3,"column":15},"end":{"line":7,"column":1}},"line":3}},"f":{"0":2}}
,"C:\\Users\\susan\\OneDrive\\Desktop\\rs-react-app\\src\\components\\MainPage\\MainPage.tsx": {"path":"C:\\Users\\susan\\OneDrive\\Desktop\\rs-react-app\\src\\components\\MainPage\\MainPage.tsx","all":false,"statementMap":{"0":{"start":{"line":1,"column":0},"end":{"line":1,"column":55}},"1":{"start":{"line":2,"column":0},"end":{"line":2,"column":48}},"2":{"start":{"line":3,"column":0},"end":{"line":3,"column":24}},"3":{"start":{"line":4,"column":0},"end":{"line":4,"column":59}},"4":{"start":{"line":5,"column":0},"end":{"line":5,"column":39}},"5":{"start":{"line":6,"column":0},"end":{"line":6,"column":57}},"6":{"start":{"line":7,"column":0},"end":{"line":7,"column":45}},"12":{"start":{"line":13,"column":0},"end":{"line":13,"column":64}},"13":{"start":{"line":14,"column":0},"end":{"line":14,"column":35}},"14":{"start":{"line":15,"column":0},"end":{"line":15,"column":62}},"16":{"start":{"line":17,"column":0},"end":{"line":17,"column":12}},"17":{"start":{"line":18,"column":0},"end":{"line":18,"column":36}},"18":{"start":{"line":19,"column":0},"end":{"line":19,"column":42}},"19":{"start":{"line":20,"column":0},"end":{"line":20,"column":49}},"20":{"start":{"line":21,"column":0},"end":{"line":21,"column":44}},"21":{"start":{"line":22,"column":0},"end":{"line":22,"column":98}},"22":{"start":{"line":23,"column":0},"end":{"line":23,"column":31}},"23":{"start":{"line":24,"column":0},"end":{"line":24,"column":30}},"24":{"start":{"line":25,"column":0},"end":{"line":25,"column":18}},"27":{"start":{"line":28,"column":0},"end":{"line":28,"column":29}},"28":{"start":{"line":29,"column":0},"end":{"line":29,"column":47}},"29":{"start":{"line":30,"column":0},"end":{"line":30,"column":53}},"30":{"start":{"line":31,"column":0},"end":{"line":31,"column":34}},"31":{"start":{"line":32,"column":0},"end":{"line":32,"column":34}},"33":{"start":{"line":34,"column":0},"end":{"line":34,"column":22}},"35":{"start":{"line":36,"column":0},"end":{"line":36,"column":14}},"37":{"start":{"line":38,"column":0},"end":{"line":38,"column":2}},"39":{"start":{"line":40,"column":0},"end":{"line":40,"column":24}}},"s":{"0":1,"1":1,"2":1,"3":1,"4":1,"5":1,"6":1,"12":1,"13":3,"14":3,"16":3,"17":3,"18":3,"19":3,"20":3,"21":3,"22":3,"23":3,"24":3,"27":3,"28":1,"29":1,"30":1,"31":1,"33":1,"35":3,"37":3,"39":1},"branchMap":{"0":{"type":"branch","line":13,"loc":{"start":{"line":13,"column":17},"end":{"line":38,"column":2}},"locations":[{"start":{"line":13,"column":17},"end":{"line":38,"column":2}}]},"1":{"type":"branch","line":28,"loc":{"start":{"line":28,"column":13},"end":{"line":34,"column":22}},"locations":[{"start":{"line":28,"column":13},"end":{"line":34,"column":22}}]}},"b":{"0":[3],"1":[1]},"fnMap":{"0":{"name":"MainPage","decl":{"start":{"line":13,"column":17},"end":{"line":38,"column":2}},"loc":{"start":{"line":13,"column":17},"end":{"line":38,"column":2}},"line":13}},"f":{"0":3}}
,"C:\\Users\\susan\\OneDrive\\Desktop\\rs-react-app\\src\\components\\Pagination\\Pagination.tsx": {"path":"C:\\Users\\susan\\OneDrive\\Desktop\\rs-react-app\\src\\components\\Pagination\\Pagination.tsx","all":false,"statementMap":{"1":{"start":{"line":2,"column":0},"end":{"line":2,"column":34}},"2":{"start":{"line":3,"column":0},"end":{"line":3,"column":64}},"3":{"start":{"line":4,"column":0},"end":{"line":4,"column":42}},"4":{"start":{"line":5,"column":0},"end":{"line":5,"column":53}},"5":{"start":{"line":6,"column":0},"end":{"line":6,"column":26}},"7":{"start":{"line":8,"column":0},"end":{"line":8,"column":26}},"8":{"start":{"line":9,"column":0},"end":{"line":9,"column":33}},"9":{"start":{"line":10,"column":0},"end":{"line":10,"column":33}},"10":{"start":{"line":11,"column":0},"end":{"line":11,"column":43}},"12":{"start":{"line":13,"column":0},"end":{"line":13,"column":63}},"14":{"start":{"line":15,"column":0},"end":{"line":15,"column":19}},"15":{"start":{"line":16,"column":0},"end":{"line":16,"column":40}},"16":{"start":{"line":17,"column":0},"end":{"line":17,"column":29}},"18":{"start":{"line":19,"column":0},"end":{"line":19,"column":37}},"19":{"start":{"line":20,"column":0},"end":{"line":20,"column":40}},"20":{"start":{"line":21,"column":0},"end":{"line":21,"column":4}},"22":{"start":{"line":23,"column":0},"end":{"line":23,"column":37}},"23":{"start":{"line":24,"column":0},"end":{"line":24,"column":25}},"24":{"start":{"line":25,"column":0},"end":{"line":25,"column":42}},"25":{"start":{"line":26,"column":0},"end":{"line":26,"column":5}},"26":{"start":{"line":27,"column":0},"end":{"line":27,"column":4}},"28":{"start":{"line":29,"column":0},"end":{"line":29,"column":10}},"29":{"start":{"line":30,"column":0},"end":{"line":30,"column":6}},"30":{"start":{"line":31,"column":0},"end":{"line":31,"column":13}},"31":{"start":{"line":32,"column":0},"end":{"line":32,"column":37}},"32":{"start":{"line":33,"column":0},"end":{"line":33,"column":36}},"33":{"start":{"line":34,"column":0},"end":{"line":34,"column":34}},"34":{"start":{"line":35,"column":0},"end":{"line":35,"column":7}},"36":{"start":{"line":37,"column":0},"end":{"line":37,"column":15}},"37":{"start":{"line":38,"column":0},"end":{"line":38,"column":65}},"38":{"start":{"line":39,"column":0},"end":{"line":39,"column":13}},"39":{"start":{"line":40,"column":0},"end":{"line":40,"column":37}},"40":{"start":{"line":41,"column":0},"end":{"line":41,"column":36}},"41":{"start":{"line":42,"column":0},"end":{"line":42,"column":7}},"43":{"start":{"line":44,"column":0},"end":{"line":44,"column":15}},"44":{"start":{"line":45,"column":0},"end":{"line":45,"column":7}},"46":{"start":{"line":47,"column":0},"end":{"line":47,"column":2}},"48":{"start":{"line":49,"column":0},"end":{"line":49,"column":26}}},"s":{"1":1,"2":1,"3":1,"4":1,"5":1,"7":1,"8":5,"9":5,"10":5,"12":5,"14":5,"15":5,"16":5,"18":5,"19":2,"20":2,"22":5,"23":2,"24":2,"25":2,"26":2,"28":5,"29":5,"30":5,"31":5,"32":5,"33":5,"34":5,"36":5,"37":5,"38":5,"39":5,"40":5,"41":5,"43":5,"44":5,"46":5,"48":1},"branchMap":{"0":{"type":"branch","line":8,"loc":{"start":{"line":8,"column":19},"end":{"line":47,"column":2}},"locations":[{"start":{"line":8,"column":19},"end":{"line":47,"column":2}}]},"1":{"type":"branch","line":13,"loc":{"start":{"line":13,"column":53},"end":{"line":13,"column":61}},"locations":[{"start":{"line":13,"column":53},"end":{"line":13,"column":61}}]},"2":{"type":"branch","line":15,"loc":{"start":{"line":15,"column":12},"end":{"line":17,"column":5}},"locations":[{"start":{"line":15,"column":12},"end":{"line":17,"column":5}}]},"3":{"type":"branch","line":19,"loc":{"start":{"line":19,"column":30},"end":{"line":21,"column":4}},"locations":[{"start":{"line":19,"column":30},"end":{"line":21,"column":4}}]},"4":{"type":"branch","line":23,"loc":{"start":{"line":23,"column":30},"end":{"line":27,"column":4}},"locations":[{"start":{"line":23,"column":30},"end":{"line":27,"column":4}}]}},"b":{"0":[5],"1":[1],"2":[5],"3":[2],"4":[2]},"fnMap":{"0":{"name":"Pagination","decl":{"start":{"line":8,"column":19},"end":{"line":47,"column":2}},"loc":{"start":{"line":8,"column":19},"end":{"line":47,"column":2}},"line":8},"1":{"name":"handleNextPageClick","decl":{"start":{"line":19,"column":30},"end":{"line":21,"column":4}},"loc":{"start":{"line":19,"column":30},"end":{"line":21,"column":4}},"line":19},"2":{"name":"handlePrevPageClick","decl":{"start":{"line":23,"column":30},"end":{"line":27,"column":4}},"loc":{"start":{"line":23,"column":30},"end":{"line":27,"column":4}},"line":23}},"f":{"0":5,"1":2,"2":2}}
,"C:\\Users\\susan\\OneDrive\\Desktop\\rs-react-app\\src\\components\\Search\\Search.tsx": {"path":"C:\\Users\\susan\\OneDrive\\Desktop\\rs-react-app\\src\\components\\Search\\Search.tsx","all":false,"statementMap":{"0":{"start":{"line":1,"column":0},"end":{"line":1,"column":33}},"1":{"start":{"line":2,"column":0},"end":{"line":2,"column":47}},"2":{"start":{"line":3,"column":0},"end":{"line":3,"column":21}},"9":{"start":{"line":10,"column":0},"end":{"line":10,"column":34}},"10":{"start":{"line":11,"column":0},"end":{"line":11,"column":33}},"11":{"start":{"line":12,"column":0},"end":{"line":12,"column":99}},"13":{"start":{"line":14,"column":0},"end":{"line":14,"column":27}},"14":{"start":{"line":15,"column":0},"end":{"line":15,"column":35}},"15":{"start":{"line":16,"column":0},"end":{"line":16,"column":48}},"17":{"start":{"line":18,"column":0},"end":{"line":18,"column":5}},"18":{"start":{"line":19,"column":0},"end":{"line":19,"column":46}},"19":{"start":{"line":20,"column":0},"end":{"line":20,"column":104}},"20":{"start":{"line":21,"column":0},"end":{"line":21,"column":85}},"21":{"start":{"line":22,"column":0},"end":{"line":22,"column":14}},"23":{"start":{"line":24,"column":0},"end":{"line":24,"column":1}},"25":{"start":{"line":26,"column":0},"end":{"line":26,"column":22}}},"s":{"0":1,"1":1,"2":1,"9":1,"10":5,"11":5,"13":5,"14":1,"15":1,"17":1,"18":5,"19":5,"20":5,"21":5,"23":5,"25":1},"branchMap":{"0":{"type":"branch","line":10,"loc":{"start":{"line":10,"column":15},"end":{"line":24,"column":1}},"locations":[{"start":{"line":10,"column":15},"end":{"line":24,"column":1}}]},"1":{"type":"branch","line":12,"loc":{"start":{"line":12,"column":90},"end":{"line":12,"column":97}},"locations":[{"start":{"line":12,"column":90},"end":{"line":12,"column":97}}]},"2":{"type":"branch","line":14,"loc":{"start":{"line":14,"column":4},"end":{"line":18,"column":5}},"locations":[{"start":{"line":14,"column":4},"end":{"line":18,"column":5}}]},"3":{"type":"branch","line":20,"loc":{"start":{"line":20,"column":37},"end":{"line":20,"column":83}},"locations":[{"start":{"line":20,"column":37},"end":{"line":20,"column":83}}]}},"b":{"0":[5],"1":[4],"2":[1],"3":[2]},"fnMap":{"0":{"name":"Search","decl":{"start":{"line":10,"column":15},"end":{"line":24,"column":1}},"loc":{"start":{"line":10,"column":15},"end":{"line":24,"column":1}},"line":10},"1":{"name":"handleClick","decl":{"start":{"line":14,"column":4},"end":{"line":18,"column":5}},"loc":{"start":{"line":14,"column":4},"end":{"line":18,"column":5}},"line":14},"2":{"name":"onChange","decl":{"start":{"line":20,"column":37},"end":{"line":20,"column":83}},"loc":{"start":{"line":20,"column":37},"end":{"line":20,"column":83}},"line":20}},"f":{"0":5,"1":1,"2":2}}
,"C:\\Users\\susan\\OneDrive\\Desktop\\rs-react-app\\src\\store\\ApiSlice.tsx": {"path":"C:\\Users\\susan\\OneDrive\\Desktop\\rs-react-app\\src\\store\\ApiSlice.tsx","all":false,"statementMap":{"0":{"start":{"line":1,"column":0},"end":{"line":1,"column":73}},"23":{"start":{"line":24,"column":0},"end":{"line":24,"column":2}},"25":{"start":{"line":26,"column":0},"end":{"line":26,"column":40}},"26":{"start":{"line":27,"column":0},"end":{"line":27,"column":36}},"27":{"start":{"line":28,"column":0},"end":{"line":28,"column":32}},"28":{"start":{"line":29,"column":0},"end":{"line":29,"column":48}},"29":{"start":{"line":30,"column":0},"end":{"line":30,"column":7}},"30":{"start":{"line":31,"column":0},"end":{"line":31,"column":30}},"31":{"start":{"line":32,"column":0},"end":{"line":32,"column":54}},"32":{"start":{"line":33,"column":0},"end":{"line":33,"column":36}},"33":{"start":{"line":34,"column":0},"end":{"line":34,"column":11}},"34":{"start":{"line":35,"column":0},"end":{"line":35,"column":67}},"35":{"start":{"line":36,"column":0},"end":{"line":36,"column":109}},"36":{"start":{"line":37,"column":0},"end":{"line":37,"column":10}},"38":{"start":{"line":39,"column":0},"end":{"line":39,"column":6}},"40":{"start":{"line":41,"column":0},"end":{"line":41,"column":2}},"42":{"start":{"line":43,"column":0},"end":{"line":43,"column":78}}},"s":{"0":1,"23":1,"25":1,"26":1,"27":1,"28":1,"29":1,"30":1,"31":5,"32":5,"33":5,"34":5,"35":5,"36":5,"38":5,"40":1,"42":1},"branchMap":{"0":{"type":"branch","line":31,"loc":{"start":{"line":31,"column":15},"end":{"line":39,"column":6}},"locations":[{"start":{"line":31,"column":15},"end":{"line":39,"column":6}}]}},"b":{"0":[5]},"fnMap":{"0":{"name":"endpoints","decl":{"start":{"line":31,"column":15},"end":{"line":39,"column":6}},"loc":{"start":{"line":31,"column":15},"end":{"line":39,"column":6}},"line":31},"1":{"name":"query","decl":{"start":{"line":33,"column":19},"end":{"line":33,"column":36}},"loc":{"start":{"line":33,"column":19},"end":{"line":33,"column":36}},"line":33},"2":{"name":"query","decl":{"start":{"line":36,"column":19},"end":{"line":36,"column":109}},"loc":{"start":{"line":36,"column":19},"end":{"line":36,"column":109}},"line":36}},"f":{"0":5,"1":0,"2":0}}
,"C:\\Users\\susan\\OneDrive\\Desktop\\rs-react-app\\src\\store\\appSlice.tsx": {"path":"C:\\Users\\susan\\OneDrive\\Desktop\\rs-react-app\\src\\store\\appSlice.tsx","all":false,"statementMap":{"0":{"start":{"line":1,"column":0},"end":{"line":1,"column":62}},"9":{"start":{"line":10,"column":0},"end":{"line":10,"column":32}},"10":{"start":{"line":11,"column":0},"end":{"line":11,"column":19}},"11":{"start":{"line":12,"column":0},"end":{"line":12,"column":20}},"12":{"start":{"line":13,"column":0},"end":{"line":13,"column":16}},"13":{"start":{"line":14,"column":0},"end":{"line":14,"column":2}},"15":{"start":{"line":16,"column":0},"end":{"line":16,"column":30}},"16":{"start":{"line":17,"column":0},"end":{"line":17,"column":14}},"17":{"start":{"line":18,"column":0},"end":{"line":18,"column":15}},"18":{"start":{"line":19,"column":0},"end":{"line":19,"column":13}},"19":{"start":{"line":20,"column":0},"end":{"line":20,"column":55}},"20":{"start":{"line":21,"column":0},"end":{"line":21,"column":39}},"21":{"start":{"line":22,"column":0},"end":{"line":22,"column":6}},"22":{"start":{"line":23,"column":0},"end":{"line":23,"column":56}},"23":{"start":{"line":24,"column":0},"end":{"line":24,"column":42}},"24":{"start":{"line":25,"column":0},"end":{"line":25,"column":6}},"25":{"start":{"line":26,"column":0},"end":{"line":26,"column":33}},"26":{"start":{"line":27,"column":0},"end":{"line":27,"column":49}},"27":{"start":{"line":28,"column":0},"end":{"line":28,"column":8}},"28":{"start":{"line":29,"column":0},"end":{"line":29,"column":38}},"29":{"start":{"line":30,"column":0},"end":{"line":30,"column":90}},"30":{"start":{"line":31,"column":0},"end":{"line":31,"column":8}},"31":{"start":{"line":32,"column":0},"end":{"line":32,"column":34}},"32":{"start":{"line":33,"column":0},"end":{"line":33,"column":33}},"33":{"start":{"line":34,"column":0},"end":{"line":34,"column":7}},"34":{"start":{"line":35,"column":0},"end":{"line":35,"column":4}},"35":{"start":{"line":36,"column":0},"end":{"line":36,"column":3}},"37":{"start":{"line":38,"column":0},"end":{"line":38,"column":100}},"38":{"start":{"line":39,"column":0},"end":{"line":39,"column":32}}},"s":{"0":1,"9":1,"10":1,"11":1,"12":1,"13":1,"15":1,"16":1,"17":1,"18":1,"19":1,"20":0,"21":0,"22":1,"23":5,"24":5,"25":1,"26":2,"27":2,"28":1,"29":1,"30":1,"31":1,"32":1,"33":1,"34":1,"35":1,"37":1,"38":1},"branchMap":{"0":{"type":"branch","line":23,"loc":{"start":{"line":23,"column":4},"end":{"line":25,"column":6}},"locations":[{"start":{"line":23,"column":4},"end":{"line":25,"column":6}}]},"1":{"type":"branch","line":26,"loc":{"start":{"line":26,"column":13},"end":{"line":28,"column":8}},"locations":[{"start":{"line":26,"column":13},"end":{"line":28,"column":8}}]},"2":{"type":"branch","line":29,"loc":{"start":{"line":29,"column":18},"end":{"line":31,"column":8}},"locations":[{"start":{"line":29,"column":18},"end":{"line":31,"column":8}}]},"3":{"type":"branch","line":30,"loc":{"start":{"line":30,"column":57},"end":{"line":30,"column":88}},"locations":[{"start":{"line":30,"column":57},"end":{"line":30,"column":88}}]},"4":{"type":"branch","line":32,"loc":{"start":{"line":32,"column":24},"end":{"line":34,"column":7}},"locations":[{"start":{"line":32,"column":24},"end":{"line":34,"column":7}}]}},"b":{"0":[5],"1":[2],"2":[1],"3":[1],"4":[1]},"fnMap":{"0":{"name":"setLoading","decl":{"start":{"line":20,"column":4},"end":{"line":22,"column":6}},"loc":{"start":{"line":20,"column":4},"end":{"line":22,"column":6}},"line":20},"1":{"name":"setPageNumber","decl":{"start":{"line":23,"column":4},"end":{"line":25,"column":6}},"loc":{"start":{"line":23,"column":4},"end":{"line":25,"column":6}},"line":23},"2":{"name":"addItem","decl":{"start":{"line":26,"column":13},"end":{"line":28,"column":8}},"loc":{"start":{"line":26,"column":13},"end":{"line":28,"column":8}},"line":26},"3":{"name":"removeItem","decl":{"start":{"line":29,"column":18},"end":{"line":31,"column":8}},"loc":{"start":{"line":29,"column":18},"end":{"line":31,"column":8}},"line":29},"4":{"name":"unselectAllItems","decl":{"start":{"line":32,"column":24},"end":{"line":34,"column":7}},"loc":{"start":{"line":32,"column":24},"end":{"line":34,"column":7}},"line":32}},"f":{"0":0,"1":5,"2":2,"3":1,"4":1}}
}
